<?xml version="1.0" encoding="utf-8"?><testsuites name="pytest tests"><testsuite name="pytest" errors="0" failures="1" skipped="0" tests="21" time="3.295" timestamp="2026-01-09T19:57:16.886180+00:00" hostname="agent-env-835f3105-da04-4cf8-93ff-24a726e28ef0"><testcase classname="tests.test_phase3_branding_portal.TestAuthentication" name="test_login_success" time="0.334" /><testcase classname="tests.test_phase3_branding_portal.TestBrandingSettings" name="test_get_branding_settings" time="0.342" /><testcase classname="tests.test_phase3_branding_portal.TestBrandingSettings" name="test_update_branding_settings" time="0.495" /><testcase classname="tests.test_phase3_branding_portal.TestBrandingSettings" name="test_branding_requires_auth" time="0.036" /><testcase classname="tests.test_phase3_branding_portal.TestPortalBranding" name="test_get_portal_branding" time="0.041" /><testcase classname="tests.test_phase3_branding_portal.TestPortalBranding" name="test_portal_branding_invalid_token" time="0.040" /><testcase classname="tests.test_phase3_branding_portal.TestPortalServiceRequest" name="test_request_service_from_portal" time="0.447" /><testcase classname="tests.test_phase3_branding_portal.TestPortalServiceRequest" name="test_request_service_emergency" time="0.090" /><testcase classname="tests.test_phase3_branding_portal.TestPortalServiceRequest" name="test_request_service_invalid_token" time="0.038" /><testcase classname="tests.test_phase3_branding_portal.TestPortalMessages" name="test_get_portal_messages" time="0.041" /><testcase classname="tests.test_phase3_branding_portal.TestPortalMessages" name="test_messages_invalid_token" time="0.034" /><testcase classname="tests.test_phase3_branding_portal.TestPortalServiceHistory" name="test_get_service_history" time="0.077" /><testcase classname="tests.test_phase3_branding_portal.TestPortalServiceHistory" name="test_service_history_invalid_token" time="0.036" /><testcase classname="tests.test_phase3_branding_portal.TestPortalProfile" name="test_update_profile" time="0.160" /><testcase classname="tests.test_phase3_branding_portal.TestPortalProfile" name="test_profile_update_invalid_token" time="0.036" /><testcase classname="tests.test_phase3_branding_portal.TestServiceRequests" name="test_list_service_requests" time="0.309" /><testcase classname="tests.test_phase3_branding_portal.TestServiceRequests" name="test_convert_service_request_to_job" time="0.493"><failure message="AssertionError: assert ('job_id' in {'job': {'created_at': '2026-01-09T19:57:19.948141+00:00', 'created_by': 'STAFF', 'customer_id': '2279f98d-69a6-4dc1-a91b-8413719c255a', 'en_route_sms_sent': False, ...}, 'quote': {'amount': 89.0, 'created_at': '2026-01-09T19:57:19.954585+00:00', 'currency': 'USD', 'customer_id': '2279f98d-69a6-4dc1-a91b-8413719c255a', ...}, 'success': True} or 'id' in {'job': {'created_at': '2026-01-09T19:57:19.948141+00:00', 'created_by': 'STAFF', 'customer_id': '2279f98d-69a6-4dc1-a91b-8413719c255a', 'en_route_sms_sent': False, ...}, 'quote': {'amount': 89.0, 'created_at': '2026-01-09T19:57:19.954585+00:00', 'currency': 'USD', 'customer_id': '2279f98d-69a6-4dc1-a91b-8413719c255a', ...}, 'success': True})">tests/test_phase3_branding_portal.py:373: in test_convert_service_request_to_job
    assert "job_id" in data or "id" in data
E   AssertionError: assert ('job_id' in {'job': {'created_at': '2026-01-09T19:57:19.948141+00:00', 'created_by': 'STAFF', 'customer_id': '2279f98d-69a6-4dc1-a91b-8413719c255a', 'en_route_sms_sent': False, ...}, 'quote': {'amount': 89.0, 'created_at': '2026-01-09T19:57:19.954585+00:00', 'currency': 'USD', 'customer_id': '2279f98d-69a6-4dc1-a91b-8413719c255a', ...}, 'success': True} or 'id' in {'job': {'created_at': '2026-01-09T19:57:19.948141+00:00', 'created_by': 'STAFF', 'customer_id': '2279f98d-69a6-4dc1-a91b-8413719c255a', 'en_route_sms_sent': False, ...}, 'quote': {'amount': 89.0, 'created_at': '2026-01-09T19:57:19.954585+00:00', 'currency': 'USD', 'customer_id': '2279f98d-69a6-4dc1-a91b-8413719c255a', ...}, 'success': True})</failure></testcase><testcase classname="tests.test_phase3_branding_portal.TestServiceRequests" name="test_service_requests_requires_auth" time="0.035" /><testcase classname="tests.test_phase3_branding_portal.TestPortalData" name="test_get_portal_data" time="0.039" /><testcase classname="tests.test_phase3_branding_portal.TestPortalData" name="test_portal_data_invalid_token" time="0.035" /><testcase classname="tests.test_phase3_branding_portal.TestPortalInvoices" name="test_get_portal_invoices" time="0.037" /></testsuite></testsuites>